<?xml version="1.0" encoding="UTF-8"?>
<!-- Generated by org.testng.reporters.JUnitXMLReporter -->
<testsuite hostname="MAC41G.local" ignored="0" name="Test1" tests="11" failures="0" timestamp="30 Oct 2018 19:06:08 GMT" time="196.291" errors="0">
  <testcase name="clickOnPreferenceOption" time="1.08" classname="MobileProgrammingLLC.Tests.APIDemos_SettingWiFi"/>
  <testcase name="clickOnPreferenceDependenciesOption" time="3.547" classname="MobileProgrammingLLC.Tests.APIDemos_SettingWiFi"/>
  <testcase name="settingWifiFunctionality" time="9.434" classname="MobileProgrammingLLC.Tests.APIDemos_SettingWiFi"/>
  <testcase name="navigateToCustomAdapterPage" time="3.544" classname="MobileProgrammingLLC.Tests.APIDemos_RetrivingDogsInfo"/>
  <testcase name="retrieveDogNamesInformation" time="7.661" classname="MobileProgrammingLLC.Tests.APIDemos_RetrivingDogsInfo"/>
  <testcase name="tapOnViewsOption" time="1.256" classname="MobileProgrammingLLC.Tests.APIDemos_PlayingRedDots"/>
  <testcase name="tapOnDragAndDropOption" time="2.876" classname="MobileProgrammingLLC.Tests.APIDemos_PlayingRedDots"/>
  <testcase name="validatingRedDotsMovement" time="6.407" classname="MobileProgrammingLLC.Tests.APIDemos_PlayingRedDots"/>
  <testcase name="tapOnViewsOption" time="1.44" classname="MobileProgrammingLLC.Tests.APIDemos_MakingPopUps"/>
  <testcase name="tapOnPopUpMenu" time="9.829" classname="MobileProgrammingLLC.Tests.APIDemos_MakingPopUps"/>
  <testcase name="makeAPopUp" time="1.098" classname="MobileProgrammingLLC.Tests.APIDemos_MakingPopUps"/>
</testsuite> <!-- Test1 -->
