<?xml version="1.0" encoding="UTF-8"?>
<!-- Generated by org.testng.reporters.JUnitXMLReporter -->
<testsuite hostname="win011.a1technology.local" ignored="0" name="Test2" tests="4" failures="0" timestamp="02 Oct 2018 21:01:35 GMT" time="7.003" errors="0">
  <testcase name="rediff_enterUser" time="0.702" classname="MobileProgrammingLLC.WebFrameTests.Rediff_Login"/>
  <testcase name="rediff_enterPassword" time="0.611" classname="MobileProgrammingLLC.WebFrameTests.Rediff_Login"/>
  <testcase name="rediff_UncheckRememberBox" time="0.573" classname="MobileProgrammingLLC.WebFrameTests.Rediff_Login"/>
  <testcase name="rediff_ClickSubmitButton" time="1.075" classname="MobileProgrammingLLC.WebFrameTests.Rediff_Login"/>
</testsuite> <!-- Test2 -->
