<?xml version="1.0" encoding="UTF-8"?>
<!-- Generated by org.testng.reporters.JUnitXMLReporter -->
<testsuite hostname="MAC09F.local" ignored="0" name="Test1" tests="4" failures="0" timestamp="22 Jan 2019 18:16:01 GMT" time="118.616" errors="0">
  <testcase name="navigateToSignInPage" time="8.796" classname="MobileProgrammingLLC.Tests.Amazon_SigningIn"/>
  <testcase name="verifySignInErrorMsg" time="9.225" classname="MobileProgrammingLLC.Tests.Amazon_SigningIn"/>
  <testcase name="validatingAddToCartFunctionality" time="19.201" classname="MobileProgrammingLLC.Tests.Flipkart_AssertingProducts"/>
  <testcase name="validatingAddToCartFunctionality" time="15.288" classname="MobileProgrammingLLC.Tests.Flipkart_AssertingProducts"/>
</testsuite> <!-- Test1 -->
